# JRE version: Java(TM) SE Runtime Environment (8.0_231-b11) (build 1.8.0_231-b11)
# Java VM: Java HotSpot(TM) 64-Bit Server VM (25.231-b11 mixed mode windows-amd64 compressed oops)
Heap:
 PSYoungGen      total 267264K, used 12891K [0x00000000d5580000, 0x00000000e7080000, 0x0000000100000000)
  eden space 255488K, 5% used [0x00000000d5580000,0x00000000d6216d10,0x00000000e4f00000)
  from space 11776K, 0% used [0x00000000e6500000,0x00000000e6500000,0x00000000e7080000)
  to   space 13312K, 0% used [0x00000000e5680000,0x00000000e5680000,0x00000000e6380000)
 ParOldGen       total 67072K, used 19943K [0x0000000080000000, 0x0000000084180000, 0x00000000d5580000)
  object space 67072K, 29% used [0x0000000080000000,0x0000000081379f00,0x0000000084180000)
 Metaspace       used 52708K, capacity 56071K, committed 56192K, reserved 1103872K
  class space    used 7434K, capacity 8015K, committed 8064K, reserved 1048576K
GC Heap History (10 events):
Event: 11.917 GC heap before
{Heap before GC invocations=11 (full 3):
 PSYoungGen      total 267264K, used 11750K [0x00000000d5580000, 0x00000000e7080000, 0x0000000100000000)
  eden space 255488K, 0% used [0x00000000d5580000,0x00000000d5580000,0x00000000e4f00000)
  from space 11776K, 99% used [0x00000000e6500000,0x00000000e7079bb8,0x00000000e7080000)
  to   space 13312K, 0% used [0x00000000e5680000,0x00000000e5680000,0x00000000e6380000)
 ParOldGen       total 67072K, used 28712K [0x0000000080000000, 0x0000000084180000, 0x00000000d5580000)
  object space 67072K, 42% used [0x0000000080000000,0x0000000081c0a028,0x0000000084180000)
 Metaspace       used 51980K, capacity 55259K, committed 55296K, reserved 1103872K
  class space    used 7289K, capacity 7899K, committed 7936K, reserved 1048576K
Event: 12.083 GC heap after
Heap after GC invocations=11 (full 3):
 PSYoungGen      total 267264K, used 0K [0x00000000d5580000, 0x00000000e7080000, 0x0000000100000000)
  eden space 255488K, 0% used [0x00000000d5580000,0x00000000d5580000,0x00000000e4f00000)
  from space 11776K, 0% used [0x00000000e6500000,0x00000000e6500000,0x00000000e7080000)
  to   space 13312K, 0% used [0x00000000e5680000,0x00000000e5680000,0x00000000e6380000)
 ParOldGen       total 67072K, used 35310K [0x0000000080000000, 0x0000000084180000, 0x00000000d5580000)
  object space 67072K, 52% used [0x0000000080000000,0x000000008227ba48,0x0000000084180000)
 Metaspace       used 51980K, capacity 55259K, committed 55296K, reserved 1099776K
  class space    used 7289K, capacity 7899K, committed 7936K, reserved 1048576K
}
Event: 12.083 GC heap before
{Heap before GC invocations=12 (full 3):
 PSYoungGen      total 267264K, used 0K [0x00000000d5580000, 0x00000000e7080000, 0x0000000100000000)
  eden space 255488K, 0% used [0x00000000d5580000,0x00000000d5580000,0x00000000e4f00000)
  from space 11776K, 0% used [0x00000000e6500000,0x00000000e6500000,0x00000000e7080000)
  to   space 13312K, 0% used [0x00000000e5680000,0x00000000e5680000,0x00000000e6380000)
 ParOldGen       total 67072K, used 35310K [0x0000000080000000, 0x0000000084180000, 0x00000000d5580000)
  object space 67072K, 52% used [0x0000000080000000,0x000000008227ba48,0x0000000084180000)
 Metaspace       used 51980K, capacity 55259K, committed 55296K, reserved 1103872K
  class space    used 7289K, capacity 7899K, committed 7936K, reserved 1048576K
Event: 12.085 GC heap after
Heap after GC invocations=12 (full 3):
 PSYoungGen      total 268800K, used 0K [0x00000000d5580000, 0x00000000e7080000, 0x0000000100000000)
  eden space 255488K, 0% used [0x00000000d5580000,0x00000000d5580000,0x00000000e4f00000)
  from space 13312K, 0% used [0x00000000e5680000,0x00000000e5680000,0x00000000e6380000)
  to   space 11776K, 0% used [0x00000000e6500000,0x00000000e6500000,0x00000000e7080000)
 ParOldGen       total 67072K, used 35310K [0x0000000080000000, 0x0000000084180000, 0x00000000d5580000)
  object space 67072K, 52% used [0x0000000080000000,0x000000008227ba48,0x0000000084180000)
 Metaspace       used 51980K, capacity 55259K, committed 55296K, reserved 1103872K
  class space    used 7289K, capacity 7899K, committed 7936K, reserved 1048576K
}
Event: 12.085 GC heap before
{Heap before GC invocations=13 (full 4):
 PSYoungGen      total 268800K, used 0K [0x00000000d5580000, 0x00000000e7080000, 0x0000000100000000)
  eden space 255488K, 0% used [0x00000000d5580000,0x00000000d5580000,0x00000000e4f00000)
  from space 13312K, 0% used [0x00000000e5680000,0x00000000e5680000,0x00000000e6380000)
  to   space 11776K, 0% used [0x00000000e6500000,0x00000000e6500000,0x00000000e7080000)
 ParOldGen       total 67072K, used 35310K [0x0000000080000000, 0x0000000084180000, 0x00000000d5580000)
  object space 67072K, 52% used [0x0000000080000000,0x000000008227ba48,0x0000000084180000)
 Metaspace       used 51980K, capacity 55259K, committed 55296K, reserved 1103872K
  class space    used 7289K, capacity 7899K, committed 7936K, reserved 1048576K
Event: 12.226 GC heap after
Heap after GC invocations=13 (full 4):
 PSYoungGen      total 268800K, used 0K [0x00000000d5580000, 0x00000000e7080000, 0x0000000100000000)
  eden space 255488K, 0% used [0x00000000d5580000,0x00000000d5580000,0x00000000e4f00000)
  from space 13312K, 0% used [0x00000000e5680000,0x00000000e5680000,0x00000000e6380000)
  to   space 11776K, 0% used [0x00000000e6500000,0x00000000e6500000,0x00000000e7080000)
 ParOldGen       total 67072K, used 32092K [0x0000000080000000, 0x0000000084180000, 0x00000000d5580000)
  object space 67072K, 47% used [0x0000000080000000,0x0000000081f57000,0x0000000084180000)
 Metaspace       used 51744K, capacity 54879K, committed 55296K, reserved 1099776K
  class space    used 7249K, capacity 7827K, committed 7936K, reserved 1048576K
}
Event: 12.434 GC heap before
{Heap before GC invocations=14 (full 4):
 PSYoungGen      total 268800K, used 61224K [0x00000000d5580000, 0x00000000e7080000, 0x0000000100000000)
  eden space 255488K, 23% used [0x00000000d5580000,0x00000000d914a188,0x00000000e4f00000)
  from space 13312K, 0% used [0x00000000e5680000,0x00000000e5680000,0x00000000e6380000)
  to   space 11776K, 0% used [0x00000000e6500000,0x00000000e6500000,0x00000000e7080000)
 ParOldGen       total 67072K, used 32092K [0x0000000080000000, 0x0000000084180000, 0x00000000d5580000)
  object space 67072K, 47% used [0x0000000080000000,0x0000000081f57000,0x0000000084180000)
 Metaspace       used 52293K, capacity 55457K, committed 55680K, reserved 1105920K
  class space    used 7360K, capacity 7942K, committed 8064K, reserved 1048576K
Event: 12.441 GC heap after
Heap after GC invocations=14 (full 4):
 PSYoungGen      total 267264K, used 2321K [0x00000000d5580000, 0x00000000e7080000, 0x0000000100000000)
  eden space 255488K, 0% used [0x00000000d5580000,0x00000000d5580000,0x00000000e4f00000)
  from space 11776K, 19% used [0x00000000e6500000,0x00000000e6744670,0x00000000e7080000)
  to   space 13312K, 0% used [0x00000000e5680000,0x00000000e5680000,0x00000000e6380000)
 ParOldGen       total 67072K, used 32092K [0x0000000080000000, 0x0000000084180000, 0x00000000d5580000)
  object space 67072K, 47% used [0x0000000080000000,0x0000000081f57000,0x0000000084180000)
 Metaspace       used 52293K, capacity 55457K, committed 55680K, reserved 1105920K
  class space    used 7360K, capacity 7942K, committed 8064K, reserved 1048576K
}
Event: 12.441 GC heap before
{Heap before GC invocations=15 (full 5):
 PSYoungGen      total 267264K, used 2321K [0x00000000d5580000, 0x00000000e7080000, 0x0000000100000000)
  eden space 255488K, 0% used [0x00000000d5580000,0x00000000d5580000,0x00000000e4f00000)
  from space 11776K, 19% used [0x00000000e6500000,0x00000000e6744670,0x00000000e7080000)
  to   space 13312K, 0% used [0x00000000e5680000,0x00000000e5680000,0x00000000e6380000)
 ParOldGen       total 67072K, used 32092K [0x0000000080000000, 0x0000000084180000, 0x00000000d5580000)
  object space 67072K, 47% used [0x0000000080000000,0x0000000081f57000,0x0000000084180000)
 Metaspace       used 52293K, capacity 55457K, committed 55680K, reserved 1105920K
  class space    used 7360K, capacity 7942K, committed 8064K, reserved 1048576K
Event: 12.527 GC heap after
Heap after GC invocations=15 (full 5):
 PSYoungGen      total 267264K, used 0K [0x00000000d5580000, 0x00000000e7080000, 0x0000000100000000)
  eden space 255488K, 0% used [0x00000000d5580000,0x00000000d5580000,0x00000000e4f00000)
  from space 11776K, 0% used [0x00000000e6500000,0x00000000e6500000,0x00000000e7080000)
  to   space 13312K, 0% used [0x00000000e5680000,0x00000000e5680000,0x00000000e6380000)
 ParOldGen       total 67072K, used 19943K [0x0000000080000000, 0x0000000084180000, 0x00000000d5580000)
  object space 67072K, 29% used [0x0000000080000000,0x0000000081379f00,0x0000000084180000)
 Metaspace       used 52293K, capacity 55457K, committed 55680K, reserved 1101824K
  class space    used 7360K, capacity 7942K, committed 8064K, reserved 1048576K
}

