# JRE version: Java(TM) SE Runtime Environment (8.0_231-b11) (build 1.8.0_231-b11)
# Java VM: Java HotSpot(TM) 64-Bit Server VM (25.231-b11 mixed mode windows-amd64 compressed oops)
Heap:
 PSYoungGen      total 172032K, used 146029K [0x00000000d5580000, 0x00000000e3f80000, 0x0000000100000000)
  eden space 159232K, 91% used [0x00000000d5580000,0x00000000de41b490,0x00000000df100000)
  from space 12800K, 0% used [0x00000000df100000,0x00000000df100000,0x00000000dfd80000)
  to   space 13312K, 0% used [0x00000000e3280000,0x00000000e3280000,0x00000000e3f80000)
 ParOldGen       total 90112K, used 15318K [0x0000000080000000, 0x0000000085800000, 0x00000000d5580000)
  object space 90112K, 16% used [0x0000000080000000,0x0000000080ef58a8,0x0000000085800000)
 Metaspace       used 44474K, capacity 46967K, committed 47232K, reserved 1089536K
  class space    used 6262K, capacity 6715K, committed 6784K, reserved 1048576K
GC Heap History (10 events):
Event: 4.649 GC heap before
{Heap before GC invocations=7 (full 1):
 PSYoungGen      total 71680K, used 66560K [0x00000000d5580000, 0x00000000dea80000, 0x0000000100000000)
  eden space 66560K, 100% used [0x00000000d5580000,0x00000000d9680000,0x00000000d9680000)
  from space 5120K, 0% used [0x00000000d9680000,0x00000000d9680000,0x00000000d9b80000)
  to   space 9728K, 0% used [0x00000000de100000,0x00000000de100000,0x00000000dea80000)
 ParOldGen       total 59904K, used 9421K [0x0000000080000000, 0x0000000083a80000, 0x00000000d5580000)
  object space 59904K, 15% used [0x0000000080000000,0x00000000809334b8,0x0000000083a80000)
 Metaspace       used 21393K, capacity 22428K, committed 22528K, reserved 1069056K
  class space    used 2815K, capacity 3036K, committed 3072K, reserved 1048576K
Event: 4.654 GC heap after
Heap after GC invocations=7 (full 1):
 PSYoungGen      total 107520K, used 2981K [0x00000000d5580000, 0x00000000de400000, 0x0000000100000000)
  eden space 104448K, 0% used [0x00000000d5580000,0x00000000d5580000,0x00000000dbb80000)
  from space 3072K, 97% used [0x00000000de100000,0x00000000de3e97f0,0x00000000de400000)
  to   space 10240K, 0% used [0x00000000dd000000,0x00000000dd000000,0x00000000dda00000)
 ParOldGen       total 59904K, used 9421K [0x0000000080000000, 0x0000000083a80000, 0x00000000d5580000)
  object space 59904K, 15% used [0x0000000080000000,0x00000000809334b8,0x0000000083a80000)
 Metaspace       used 21393K, capacity 22428K, committed 22528K, reserved 1069056K
  class space    used 2815K, capacity 3036K, committed 3072K, reserved 1048576K
}
Event: 5.918 GC heap before
{Heap before GC invocations=8 (full 1):
 PSYoungGen      total 107520K, used 107429K [0x00000000d5580000, 0x00000000de400000, 0x0000000100000000)
  eden space 104448K, 100% used [0x00000000d5580000,0x00000000dbb80000,0x00000000dbb80000)
  from space 3072K, 97% used [0x00000000de100000,0x00000000de3e97f0,0x00000000de400000)
  to   space 10240K, 0% used [0x00000000dd000000,0x00000000dd000000,0x00000000dda00000)
 ParOldGen       total 59904K, used 9421K [0x0000000080000000, 0x0000000083a80000, 0x00000000d5580000)
  object space 59904K, 15% used [0x0000000080000000,0x00000000809334b8,0x0000000083a80000)
 Metaspace       used 26518K, capacity 28098K, committed 28416K, reserved 1073152K
  class space    used 3623K, capacity 3985K, committed 4096K, reserved 1048576K
Event: 5.932 GC heap after
Heap after GC invocations=8 (full 1):
 PSYoungGen      total 135680K, used 10224K [0x00000000d5580000, 0x00000000e0900000, 0x0000000100000000)
  eden space 125440K, 0% used [0x00000000d5580000,0x00000000d5580000,0x00000000dd000000)
  from space 10240K, 99% used [0x00000000dd000000,0x00000000dd9fc068,0x00000000dda00000)
  to   space 11776K, 0% used [0x00000000dfd80000,0x00000000dfd80000,0x00000000e0900000)
 ParOldGen       total 59904K, used 9479K [0x0000000080000000, 0x0000000083a80000, 0x00000000d5580000)
  object space 59904K, 15% used [0x0000000080000000,0x0000000080941df8,0x0000000083a80000)
 Metaspace       used 26518K, capacity 28098K, committed 28416K, reserved 1073152K
  class space    used 3623K, capacity 3985K, committed 4096K, reserved 1048576K
}
Event: 6.602 GC heap before
{Heap before GC invocations=9 (full 1):
 PSYoungGen      total 135680K, used 135664K [0x00000000d5580000, 0x00000000e0900000, 0x0000000100000000)
  eden space 125440K, 100% used [0x00000000d5580000,0x00000000dd000000,0x00000000dd000000)
  from space 10240K, 99% used [0x00000000dd000000,0x00000000dd9fc068,0x00000000dda00000)
  to   space 11776K, 0% used [0x00000000dfd80000,0x00000000dfd80000,0x00000000e0900000)
 ParOldGen       total 59904K, used 9479K [0x0000000080000000, 0x0000000083a80000, 0x00000000d5580000)
  object space 59904K, 15% used [0x0000000080000000,0x0000000080941df8,0x0000000083a80000)
 Metaspace       used 29741K, capacity 31728K, committed 31872K, reserved 1077248K
  class space    used 4023K, capacity 4416K, committed 4480K, reserved 1048576K
Event: 6.618 GC heap after
Heap after GC invocations=9 (full 1):
 PSYoungGen      total 171008K, used 9741K [0x00000000d5580000, 0x00000000e2b00000, 0x0000000100000000)
  eden space 159232K, 0% used [0x00000000d5580000,0x00000000d5580000,0x00000000df100000)
  from space 11776K, 82% used [0x00000000dfd80000,0x00000000e07035f0,0x00000000e0900000)
  to   space 12800K, 0% used [0x00000000df100000,0x00000000df100000,0x00000000dfd80000)
 ParOldGen       total 59904K, used 9479K [0x0000000080000000, 0x0000000083a80000, 0x00000000d5580000)
  object space 59904K, 15% used [0x0000000080000000,0x0000000080941df8,0x0000000083a80000)
 Metaspace       used 29741K, capacity 31728K, committed 31872K, reserved 1077248K
  class space    used 4023K, capacity 4416K, committed 4480K, reserved 1048576K
}
Event: 7.217 GC heap before
{Heap before GC invocations=10 (full 1):
 PSYoungGen      total 171008K, used 46519K [0x00000000d5580000, 0x00000000e2b00000, 0x0000000100000000)
  eden space 159232K, 23% used [0x00000000d5580000,0x00000000d796a9c8,0x00000000df100000)
  from space 11776K, 82% used [0x00000000dfd80000,0x00000000e07035f0,0x00000000e0900000)
  to   space 12800K, 0% used [0x00000000df100000,0x00000000df100000,0x00000000dfd80000)
 ParOldGen       total 59904K, used 9479K [0x0000000080000000, 0x0000000083a80000, 0x00000000d5580000)
  object space 59904K, 15% used [0x0000000080000000,0x0000000080941df8,0x0000000083a80000)
 Metaspace       used 33128K, capacity 35393K, committed 35496K, reserved 1079296K
  class space    used 4448K, capacity 4864K, committed 4864K, reserved 1048576K
Event: 7.235 GC heap after
Heap after GC invocations=10 (full 1):
 PSYoungGen      total 172032K, used 9688K [0x00000000d5580000, 0x00000000e3f80000, 0x0000000100000000)
  eden space 159232K, 0% used [0x00000000d5580000,0x00000000d5580000,0x00000000df100000)
  from space 12800K, 75% used [0x00000000df100000,0x00000000dfa76140,0x00000000dfd80000)
  to   space 13312K, 0% used [0x00000000e3280000,0x00000000e3280000,0x00000000e3f80000)
 ParOldGen       total 59904K, used 10736K [0x0000000080000000, 0x0000000083a80000, 0x00000000d5580000)
  object space 59904K, 17% used [0x0000000080000000,0x0000000080a7c1d8,0x0000000083a80000)
 Metaspace       used 33128K, capacity 35393K, committed 35496K, reserved 1079296K
  class space    used 4448K, capacity 4864K, committed 4864K, reserved 1048576K
}
Event: 7.235 GC heap before
{Heap before GC invocations=11 (full 2):
 PSYoungGen      total 172032K, used 9688K [0x00000000d5580000, 0x00000000e3f80000, 0x0000000100000000)
  eden space 159232K, 0% used [0x00000000d5580000,0x00000000d5580000,0x00000000df100000)
  from space 12800K, 75% used [0x00000000df100000,0x00000000dfa76140,0x00000000dfd80000)
  to   space 13312K, 0% used [0x00000000e3280000,0x00000000e3280000,0x00000000e3f80000)
 ParOldGen       total 59904K, used 10736K [0x0000000080000000, 0x0000000083a80000, 0x00000000d5580000)
  object space 59904K, 17% used [0x0000000080000000,0x0000000080a7c1d8,0x0000000083a80000)
 Metaspace       used 33128K, capacity 35393K, committed 35496K, reserved 1079296K
  class space    used 4448K, capacity 4864K, committed 4864K, reserved 1048576K
Event: 7.332 GC heap after
Heap after GC invocations=11 (full 2):
 PSYoungGen      total 172032K, used 0K [0x00000000d5580000, 0x00000000e3f80000, 0x0000000100000000)
  eden space 159232K, 0% used [0x00000000d5580000,0x00000000d5580000,0x00000000df100000)
  from space 12800K, 0% used [0x00000000df100000,0x00000000df100000,0x00000000dfd80000)
  to   space 13312K, 0% used [0x00000000e3280000,0x00000000e3280000,0x00000000e3f80000)
 ParOldGen       total 90112K, used 15318K [0x0000000080000000, 0x0000000085800000, 0x00000000d5580000)
  object space 90112K, 16% used [0x0000000080000000,0x0000000080ef58a8,0x0000000085800000)
 Metaspace       used 33128K, capacity 35393K, committed 35496K, reserved 1079296K
  class space    used 4448K, capacity 4864K, committed 4864K, reserved 1048576K
}

